tensor([[ 0., 11.,  0.,  0.,  0.,  0.],
        [-1.,  0., -1.,  0.,  6.,  0.],
        [ 0.,  0.,  0., -1.,  0.,  0.],
        [-1., -1.,  0.,  0.,  0.,  0.],
        [ 0.,  0.,  0., -1.,  0.,  0.],
        [ 0.,  0.,  0., -1.,  0.,  0.]])
tensor([[ 0.,  0., 11.,  0.,  0.,  0.],
        [-1.,  0., -1.,  0.,  6.,  0.],
        [ 0.,  0.,  0., -1.,  0.,  0.],
        [-1., -1.,  0.,  0.,  0.,  0.],
        [ 0.,  0.,  0., -1.,  0.,  0.],
        [ 0.,  0.,  0., -1.,  0.,  0.]])
tensor([[ 0.,  0.,  0.,  0.,  0.,  0.],
        [-1., 11., -1.,  0.,  6.,  0.],
        [ 0.,  0.,  0., -1.,  0.,  0.],
        [-1., -1.,  0.,  0.,  0.,  0.],
        [ 0.,  0.,  0., -1.,  0.,  0.],
        [ 0.,  0.,  0., -1.,  0.,  0.]])
tensor([[ 0.,  0., 11.,  0.,  0.,  0.],
        [-1.,  0., -1.,  0.,  6.,  0.],
        [ 0.,  0.,  0., -1.,  0.,  0.],
        [-1., -1.,  0.,  0.,  0.,  0.],
        [ 0.,  0.,  0., -1.,  0.,  0.],
        [ 0.,  0.,  0., -1.,  0.,  0.]])
tensor([[ 0.,  0.,  0.,  0.,  0.,  0.],
        [-1.,  0., -1., 11.,  6.,  0.],
        [ 0.,  0.,  0., -1.,  0.,  0.],
        [-1., -1.,  0.,  0.,  0.,  0.],
        [ 0.,  0.,  0., -1.,  0.,  0.],
        [ 0.,  0.,  0., -1.,  0.,  0.]])
tensor([[ 0.,  0.,  0.,  0.,  0.,  0.],
        [-1.,  0., -1.,  0., 11.,  0.],
        [ 0.,  0.,  0., -1.,  0.,  0.],
        [-1., -1.,  0.,  0.,  0.,  0.],
        [ 0.,  0.,  0., -1.,  0.,  0.],
        [ 0.,  0.,  0., -1.,  0.,  0.]])
6 pas de temps
